C:\Program Files (x86)\Microsoft Visual Studio\2019\Community\MSBuild\Microsoft\VC\v160\Microsoft.CppBuild.targets(438,5): warning MSB8004: Output Directory does not end with a trailing slash.  This build instance will add the slash as it is required to allow proper evaluation of the Output Directory.
SOIL.lib(SOIL.obj) : warning LNK4075: 忽略“/EDITANDCONTINUE”(由于“/OPT:ICF”规范)
LINK : warning LNK4098: 默认库“LIBCMT”与其他库的使用冲突；请使用 /NODEFAULTLIB:library
LINK : warning LNK4098: 默认库“MSVCRTD”与其他库的使用冲突；请使用 /NODEFAULTLIB:library
  正在生成代码
LINK : fatal error C1001: 编译器中发生内部错误。
  (编译器文件“d:\agent\_work\3\s\src\vctools\Compiler\Utc\src\p2\main.c”，第 160 行)
   要解决此问题，请尝试简化或更改上面所列位置附近的程序。
  请选择 Visual C++
  “帮助”菜单上的“技术支持”命令，或打开技术支持帮助文件来获得详细信息。
    link!InvokeCompilerPass()+0x2fcca
    link!InvokeCompilerPass()+0x32433
    link!InvokeCompilerPass()+0x23930
    link!InvokeCompilerPass()+0x2384a
    link!InvokeCompilerPass()+0x2ed5e
  
LINK : fatal error C1001: 编译器中发生内部错误。
  (编译器文件“d:\agent\_work\3\s\src\vctools\Compiler\Utc\src\p2\main.c”，第 160 行)
   要解决此问题，请尝试简化或更改上面所列位置附近的程序。
  请选择 Visual C++
  “帮助”菜单上的“技术支持”命令，或打开技术支持帮助文件来获得详细信息。
    link!InvokeCompilerPass()+0x2fcca
    link!InvokeCompilerPass()+0x32433
    link!InvokeCompilerPass()+0x23930
    link!InvokeCompilerPass()+0x2384a
    link!InvokeCompilerPass()+0x2ed5e
  
  
LINK : fatal error LNK1000: Internal error during IMAGE::BuildImage
  
    Version 14.22.27905.0
  
    ExceptionCode            = C0000005
    ExceptionFlags           = 00000000
    ExceptionAddress         = 021D5DC3 (01D40000) "C:\Program Files (x86)\Microsoft Visual Studio\2019\Community\VC\Tools\MSVC\14.22.27905\bin\HostX86\x86\c2.dll"
    NumberParameters         = 00000002
    ExceptionInformation[ 0] = 00000000
    ExceptionInformation[ 1] = 00000000
  
  CONTEXT:
    Eax    = 00000000  Esp    = 0073E544
    Ebx    = 00000000  Ebp    = 0073E554
    Ecx    = 00001505  Esi    = 00000000
    Edx    = 00000000  Edi    = 00000000
    Eip    = 021D5DC3  EFlags = 00010246
    SegCs  = 00000023  SegDs  = 0000002B
    SegSs  = 0000002B  SegEs  = 0000002B
    SegFs  = 00000053  SegGs  = 0000002B
    Dr0    = 00000000  Dr3    = 00000000
    Dr1    = 00000000  Dr6    = 00000000
    Dr2    = 00000000  Dr7    = 00000000
